<?xml version="1.0"?>
<!--Phoronix Test Suite v6.6.0-->
<PhoronixTestSuite>
  <TestInformation>
    <Title>7-Zip Compression</Title>
    <AppVersion>9.20.1</AppVersion>
    <Description>This is a test of 7-Zip using p7zip with its integrated benchmark feature.</Description>
    <ResultScale>MIPS</ResultScale>
    <Proportion>HIB</Proportion>
    <SubTitle>Compress Speed Test</SubTitle>
    <TimesToRun>3</TimesToRun>
  </TestInformation>
  <TestProfile>
    <Version>1.6.2</Version>
    <SupportedPlatforms>Linux, BSD, Solaris, MacOSX</SupportedPlatforms>
    <SoftwareType>Utility</SoftwareType>
    <TestType>Processor</TestType>
    <License>Free</License>
    <Status>Verified</Status>
    <ExternalDependencies>build-utilities</ExternalDependencies>
    <EnvironmentSize>10</EnvironmentSize>
    <ProjectURL>http://www.7-zip.org/</ProjectURL>
    <InternalTags>SMP</InternalTags>
    <Maintainer>Michael Larabel</Maintainer>
  </TestProfile>
</PhoronixTestSuite>
