<?xml version="1.0"?>
<!--Phoronix Test Suite v7.0.0m0-->
<PhoronixTestSuite>
  <TestInformation>
    <Title>CacheBench</Title>
    <Description>This is a performance test of CacheBench, which is part of LLCbench. CacheBench is designed to test the memory and cache bandwidth performance</Description>
    <ResultScale>MB/s</ResultScale>
    <Proportion>HIB</Proportion>
    <TimesToRun>3</TimesToRun>
  </TestInformation>
  <TestProfile>
    <Version>1.1.0</Version>
    <SupportedPlatforms>Linux, Solaris</SupportedPlatforms>
    <SoftwareType>Utility</SoftwareType>
    <TestType>Processor</TestType>
    <License>Free</License>
    <Status>Verified</Status>
    <ExternalDependencies>build-utilities</ExternalDependencies>
    <EnvironmentSize>0.5</EnvironmentSize>
    <ProjectURL>http://icl.cs.utk.edu/projects/llcbench/index.html</ProjectURL>
    <Maintainer>Michael Larabel</Maintainer>
  </TestProfile>
  <TestSettings>
    <Default>
      <Arguments>-m 16 -e 1 -x 2 -d 5</Arguments>
    </Default>
    <Option>
      <DisplayName>Test</DisplayName>
      <Identifier>test</Identifier>
      <ArgumentPrefix></ArgumentPrefix>
      <ArgumentPostfix></ArgumentPostfix>
      <DefaultEntry>0</DefaultEntry>
      <Menu>
        <Entry>
          <Name>Read</Name>
          <Value>-r</Value>
          <Message></Message>
        </Entry>
        <Entry>
          <Name>Write</Name>
          <Value>-w</Value>
          <Message></Message>
        </Entry>
        <Entry>
          <Name>Read / Modify / Write</Name>
          <Value>-b</Value>
          <Message></Message>
        </Entry>
      </Menu>
    </Option>
  </TestSettings>
</PhoronixTestSuite>
