<?xml version="1.0"?>
<!--Phoronix Test Suite v6.6.0m2-->
<PhoronixTestSuite>
  <TestInformation>
    <Title>Memory Bandwidth Test</Title>
    <Description>This benchmark tests the system memory throughput</Description>
    <ResultScale>MB/s</ResultScale>
    <Proportion>HIB</Proportion>
    <DisplayFormat>LINE_GRAPH</DisplayFormat>
    <SubTitle>lmbench - memory bandwidth benchmark</SubTitle>
    <TimesToRun>2</TimesToRun>
  </TestInformation>
  <TestProfile>
    <Version>1.0.0</Version>
    <SupportedPlatforms>Linux</SupportedPlatforms>
    <SoftwareType>Utility</SoftwareType>
    <TestType>Memory</TestType>
    <License>Free</License>
    <Status>Verified</Status>
    <EnvironmentSize>1.0</EnvironmentSize>
    <ProjectURL>http://lmbench.sourceforge.net</ProjectURL>
    <Maintainer>Amer Ather</Maintainer>
  </TestProfile>
</PhoronixTestSuite>
