<?xml version="1.0"?>
<!--Phoronix Test Suite v6.6.0m2-->
<PhoronixTestSuite>
  <TestInformation>
    <Title>FIO storage random mixed(80/20) iops test - blksize: 16 KB</Title>
    <Description>This benchmark reports random mixed(80/20) iops</Description>
    <ResultScale>iops</ResultScale>
    <Proportion>HIB</Proportion>
    <DisplayFormat>LINE_GRAPH</DisplayFormat>
    <SubTitle>Random mixed(80/20) iops benchmark - blksize:16 KB</SubTitle>
    <TimesToRun>2</TimesToRun>
  </TestInformation>
  <TestProfile>
    <Version>1.0.0</Version>
    <SupportedPlatforms>Linux</SupportedPlatforms>
    <SoftwareType>Utility</SoftwareType>
    <TestType>io</TestType>
    <License>Free</License>
    <Status>Verified</Status>
    <EnvironmentSize>1.0</EnvironmentSize>
    <ProjectURL>https://media.readthedocs.org/pdf/fio/latest/fio.pdf</ProjectURL>
    <Maintainer>Amer Ather</Maintainer>
  </TestProfile>
</PhoronixTestSuite>
