<?xml version="1.0"?>
<!--Phoronix Test Suite v6.6.0m2-->
<PhoronixTestSuite>
  <TestInformation>
    <Title>CPU Performance Test</Title>
    <Description>This benchmark tests Linux kernel build time of Linux-4.9.10</Description>
    <ResultScale>seconds</ResultScale>
    <Proportion>LIB</Proportion>
    <DisplayFormat>LINE_GRAPH</DisplayFormat>
    <SubTitle>Linux kernel build benchmark</SubTitle>
    <TimesToRun>1</TimesToRun>
  </TestInformation>
  <TestProfile>
    <Version>1.0.0</Version>
    <SupportedPlatforms>Linux</SupportedPlatforms>
    <SoftwareType>Utility</SoftwareType>
    <TestType>cpu</TestType>
    <License>Free</License>
    <Status>Verified</Status>
    <EnvironmentSize>1.0</EnvironmentSize>
    <ProjectURL>https://confluence.netflix.com/display/CLDPERF/Linux+Kernel+Building</ProjectURL>
    <Maintainer>Amer Ather</Maintainer>
  </TestProfile>
</PhoronixTestSuite>

