<?xml version="1.0"?>
<!--Phoronix Test Suite v6.6.0m2-->
<PhoronixTestSuite>
  <TestInformation>
    <Title>SPECJVM2008 mpegaudio Test</Title>
    <Description>This benchmark is floating-point heavy and a good test of mp3 decoding</Description>
    <ResultScale>ops/m</ResultScale>
    <Proportion>HIB</Proportion>
    <DisplayFormat>LINE_GRAPH</DisplayFormat>
    <SubTitle>Java mpegaudio benchmark</SubTitle>
    <TimesToRun>1</TimesToRun>
  </TestInformation>
  <TestProfile>
    <Version>1.0.0</Version>
    <SupportedPlatforms>Linux</SupportedPlatforms>
    <SoftwareType>Utility</SoftwareType>
    <TestType>java</TestType>
    <License>Free</License>
    <Status>Verified</Status>
    <EnvironmentSize>1.0</EnvironmentSize>
    <ProjectURL>https://www.spec.org/jvm2008/docs/benchmarks/index.html</ProjectURL>
    <Maintainer>Amer Ather</Maintainer>
  </TestProfile>
</PhoronixTestSuite>
