<?xml version="1.0"?>
<!--Phoronix Test Suite v6.6.0m2-->
<PhoronixTestSuite>
  <TestInformation>
    <Title>Memory Latency Test</Title>
    <Description>This benchmark tests the system memory (RAM) latency.</Description>
    <Proportion>LIB</Proportion>
    <DisplayFormat>LINE_GRAPH</DisplayFormat>
    <SubTitle>lmbench - memory latency benchmark</SubTitle>
    <TimesToRun>1</TimesToRun>
  </TestInformation>
  <TestProfile>
    <Version>1.0.0</Version>
    <SupportedPlatforms>Linux</SupportedPlatforms>
    <SoftwareType>Utility</SoftwareType>
    <TestType>Memory</TestType>
    <License>Free</License>
    <Status>Verified</Status>
    <EnvironmentSize>1.0</EnvironmentSize>
    <ProjectURL>http://www.bitmover.com/lmbench/</ProjectURL>
    <Maintainer>Amer Ather</Maintainer>
  </TestProfile>
</PhoronixTestSuite>
