<?xml version="1.0"?>
<!--Phoronix Test Suite v6.6.0m2-->
<PhoronixTestSuite>
  <TestInformation>
    <Title>Stream - Single CPU Memory Bandwidth Test</Title>
    <AppVersion>2013-01-17</AppVersion>
    <Description>This benchmark tests the system memory (RAM) performance.</Description>
    <ResultScale>MB/s</ResultScale>
    <Proportion>HIB</Proportion>
    <TimesToRun>2</TimesToRun>
  </TestInformation>
  <TestProfile>
    <Version>1.3.1</Version>
    <SupportedPlatforms>Linux, Solaris, MacOSX, BSD</SupportedPlatforms>
    <SoftwareType>Utility</SoftwareType>
    <TestType>Memory</TestType>
    <License>Free</License>
    <Status>Verified</Status>
    <ExternalDependencies>build-utilities</ExternalDependencies>
    <EnvironmentSize>0.1</EnvironmentSize>
    <ProjectURL>http://www.cs.virginia.edu/stream/</ProjectURL>
    <Maintainer>Michael Larabel</Maintainer>
  </TestProfile>
  <TestSettings>
    <Default>
      <AllowCacheShare>TRUE</AllowCacheShare>
    </Default>
    <Option>
      <DisplayName>Type</DisplayName>
      <Identifier>run-type</Identifier>
      <ArgumentPrefix></ArgumentPrefix>
      <ArgumentPostfix></ArgumentPostfix>
      <DefaultEntry>0</DefaultEntry>
      <Menu>
        <Entry>
          <Name>Copy</Name>
          <Value>Copy</Value>
          <Message></Message>
        </Entry>
        <Entry>
          <Name>Scale</Name>
          <Value>Scale</Value>
          <Message></Message>
        </Entry>
        <Entry>
          <Name>Add</Name>
          <Value>Add</Value>
          <Message></Message>
        </Entry>
        <Entry>
          <Name>Triad</Name>
          <Value>Triad</Value>
          <Message></Message>
        </Entry>
      </Menu>
    </Option>
  </TestSettings>
</PhoronixTestSuite>
